<?xml version="1.0" encoding="UTF-8"?>
<testng-results skipped="0" failed="0" total="1" passed="1">
  <reporter-output>
  </reporter-output>
  <suite name="Default suite" duration-ms="76665" started-at="2021-10-10T14:12:50Z" finished-at="2021-10-10T14:14:06Z">
    <groups>
    </groups>
    <test name="Default test" duration-ms="76665" started-at="2021-10-10T14:12:50Z" finished-at="2021-10-10T14:14:06Z">
      <class name="com.crm.qa.testcases.ChatterPageTest">
        <test-method status="PASS" signature="setUp()[pri:0, instance:com.crm.qa.testcases.ChatterPageTest@880ec60]" name="setUp" is-config="true" duration-ms="38971" started-at="2021-10-10T19:42:50Z" finished-at="2021-10-10T19:43:29Z">
          <reporter-output>
          </reporter-output>
        </test-method> <!-- setUp -->
        <test-method status="PASS" signature="validateAllLinksTest()[pri:3, instance:com.crm.qa.testcases.ChatterPageTest@880ec60]" name="validateAllLinksTest" duration-ms="36945" started-at="2021-10-10T19:43:29Z" finished-at="2021-10-10T19:44:06Z">
          <reporter-output>
          </reporter-output>
        </test-method> <!-- validateAllLinksTest -->
        <test-method status="PASS" signature="tearDown()[pri:0, instance:com.crm.qa.testcases.ChatterPageTest@880ec60]" name="tearDown" is-config="true" duration-ms="742" started-at="2021-10-10T19:44:06Z" finished-at="2021-10-10T19:44:06Z">
          <reporter-output>
          </reporter-output>
        </test-method> <!-- tearDown -->
      </class> <!-- com.crm.qa.testcases.ChatterPageTest -->
    </test> <!-- Default test -->
  </suite> <!-- Default suite -->
</testng-results>
