<?xml version="1.0" encoding="UTF-8"?>
<!-- Generated by org.testng.reporters.JUnitXMLReporter -->
<testsuite hostname="USBLRSANBHOWMI1" name="CRMTest" tests="9" failures="0" timestamp="10 Oct 2021 13:41:22 GMT" time="247.455" errors="0">
  <testcase name="loginPageTitleTest" time="0.016" classname="com.crm.qa.testcases.LoginPageTest"/>
  <testcase name="serviceClick" time="14.502" classname="com.crm.qa.testcases.SetupPageTest"/>
  <testcase name="createAccount" time="9.397" classname="com.crm.qa.testcases.ServiceHomePageTest"/>
  <testcase name="createAccount" time="9.167" classname="com.crm.qa.testcases.ServiceHomePageTest"/>
  <testcase name="createAccount" time="9.246" classname="com.crm.qa.testcases.ServiceHomePageTest"/>
  <testcase name="validateHyperLinkinChatter" time="3.311" classname="com.crm.qa.testcases.ChatterPageTest"/>
  <testcase name="salesforceLogoTest" time="0.072" classname="com.crm.qa.testcases.LoginPageTest"/>
  <testcase name="createPollTest" time="8.396" classname="com.crm.qa.testcases.ChatterPageTest"/>
  <testcase name="loginTest" time="8.507" classname="com.crm.qa.testcases.LoginPageTest"/>
</testsuite> <!-- CRMTest -->
